25
1 1000000000 1000000
1 1000000000 1000000
2 1000000 1000000
2 1000000 1000000
2 2000000 2000000
2 2000000 2000000
2 4000000 4000000
2 4000000 4000000
2 8000000 8000000
2 8000000 8000000
2 16000000 16000000
2 16000000 16000000
2 32000000 32000000
2 32000000 32000000
2 64000000 64000000
2 64000000 64000000
2 128000000 128000000
2 128000000 128000000
2 256000000 256000000
2 256000000 256000000
1 256000000 512000000
1 768000000 128000000
1 896000000 64000000
1 960000000 32000000
1 992000000 8000000
